build/app/outputs/mapping/release/seeds.txt
com.cruxule.voicescribeProd.MainActivity
com.cruxule.voicescribeProd.MainActivity: MainActivity()
...
com.google.android.gms.internal.firebase-auth-api.zzka: int hashCode()
com.google.android.gms.internal.firebase-auth-api.zzey: zzey()
com.google.android.recaptcha.internal.zzdk: com.google.android.recaptcha.internal.zzdk zzf()
com.google.android.gms.internal.firebase-auth-api.zzaid: byte zzv()
com.google.android.gms.internal.measurement.zzcy: zzcy()
com.google.android.gms.internal.firebase-auth-api.zzais: com.google.android.gms.internal.firebase-auth-api.zzaiq zza()
androidx.core.graphics.drawable.IconCompat$Api30Impl: android.graphics.drawable.Icon createWithAdaptiveBitmapContentUri(android.net.Uri)
com.google.android.gms.internal.measurement.zzln: java.lang.Object getValue()
androidx.media2.session.SessionTokenParcelizer: SessionTokenParcelizer()
com.google.android.gms.internal.firebase-auth-api.zzxs: zzxs(java.math.BigInteger)
com.google.android.gms.tasks.zzl: zzl(java.util.concurrent.Executor,com.google.android.gms.tasks.OnFailureListener)
com.google.android.gms.internal.measurement.zzpm: java.lang.Object get()
com.google.android.gms.internal.firebase-auth-api.zzra: zzra()
com.google.android.gms.internal.measurement.zzfc$zzd: int zzb()
com.google.android.recaptcha.internal.zzjm: void zzc(java.lang.Object,long,boolean)
com.google.android.recaptcha.internal.zzfb: float zzc()
com.google.android.gms.internal.firebase-auth-api.zzos: java.lang.Integer zze()
com.google.android.gms.internal.firebase-auth-api.zzmq: zzmq(com.google.android.gms.internal.firebase-auth-api.zzmq)
com.google.android.gms.internal.measurement.zzja: void add(int,java.lang.Object)
androidx.window.layout.WindowMetricsCalculatorDecorator: androidx.window.layout.WindowMetricsCalculator decorate(androidx.window.layout.WindowMetricsCalculator)
com.google.android.gms.internal.firebase-auth-api.zzaif: int zzg()
com.google.android.recaptcha.internal.zzcy: zzcy(com.google.android.recaptcha.internal.zzda,java.lang.String,kotlin.coroutines.Continuation)
com.google.android.gms.internal.firebase-auth-api.zzes$zza: zzes$zza(com.google.android.gms.internal.firebase-auth-api.zzeu)
androidx.lifecycle.Lifecycle$Event: androidx.lifecycle.Lifecycle$Event[] values()
com.google.android.gms.internal.measurement.zzft: java.util.Map zza(int)
com.google.android.gms.internal.firebase-auth-api.zzfl: com.google.android.gms.internal.firebase-auth-api.zzfc zzb(com.google.android.gms.internal.firebase-auth-api.zzos,com.google.android.gms.internal.firebase-auth-api.zzcs)
com.google.android.gms.internal.firebase-auth-api.zzrn: java.util.Map zza()
com.google.android.gms.internal.measurement.zzkp: boolean zzb(java.lang.Object,java.lang.Object)
com.google.android.gms.internal.measurement.zzia: long zzk()
androidx.media2.session.ConnectionRequestParcelizer: ConnectionRequestParcelizer()
com.google.android.gms.internal.firebase-auth-api.zzaik: int zzc(int)
io.flutter.embedding.engine.FlutterJNI: void onEndFrame()
com.google.android.recaptcha.internal.zzib: boolean zzX(java.lang.Object,int,int)
com.google.android.gms.internal.measurement.zzol: boolean zza()
com.google.android.gms.internal.firebase-auth-api.zzgs: java.lang.String toString()
com.google.android.recaptcha.internal.zzhf: void add(int,java.lang.Object)
com.google.android.recaptcha.internal.zzmj: int zzk()
com.google.android.play.core.integrity.j: j(android.content.Context,com.google.android.play.core.integrity.i)
com.google.android.gms.internal.common.zzc: void zzb(android.os.Parcel)
com.google.android.gms.internal.firebase-auth-api.zzamb: java.lang.Object zza(int,java.lang.Object,java.lang.Object)
com.google.android.gms.common.internal.LibraryVersion: LibraryVersion()
com.google.android.gms.internal.measurement.zzjm: java.lang.Object setValue(java.lang.Object)
com.google.android.gms.internal.firebase-auth-api.zzaau: zzaau(com.google.firebase.auth.EmailAuthCredential,java.lang.String)
com.google.android.gms.internal.firebase-auth-api.zzak: com.google.android.gms.internal.firebase-auth-api.zzbc zzd()