build/app/outputs/mapping/release/mapping.txt
# compiler: R8
# compiler_version: 3.3.70
# min_api: 21
# common_typos_disable
# {"id":"com.android.tools.r8.mapping","version":"2.0"}
# pg_map_id: 68c1166
# pg_map_hash: SHA-256 68c1166f3de849795e4712f03e43c2ed89ba747c583697f88c8ad5232cbcc66d
...
com.google.android.gms.measurement.internal.zzjd -> com.google.android.gms.measurement.internal.m7:
    long zza -> a
    com.google.android.gms.measurement.internal.zziq zzb -> b
com.google.android.gms.measurement.internal.zzje -> com.google.android.gms.measurement.internal.n7:
    com.google.android.gms.measurement.internal.zziq zza -> a
com.google.android.gms.measurement.internal.zzjf -> com.google.android.gms.measurement.internal.o7:
    java.lang.Object zzc -> c
    java.lang.String zza -> a
    long zzd -> d
    com.google.android.gms.measurement.internal.zziq zze -> e
    java.lang.String zzb -> b
com.google.android.gms.measurement.internal.zzjg -> com.google.android.gms.measurement.internal.p7:
    com.google.android.gms.measurement.internal.zziq zzi -> m
    boolean zzf -> j
    boolean zzg -> k
    android.os.Bundle zzd -> d
    java.lang.String zzh -> l
    boolean zze -> e
    java.lang.String zza -> a
    long zzc -> c
    java.lang.String zzb -> b
com.google.android.gms.measurement.internal.zzjh -> com.google.android.gms.measurement.internal.q7:
    com.google.android.gms.measurement.internal.zziq zza -> e
    void zzb() -> d
com.google.android.gms.measurement.internal.zzjj -> com.google.android.gms.measurement.internal.r7:
    java.util.concurrent.atomic.AtomicReference zza -> a
    com.google.android.gms.measurement.internal.zziq zzb -> b
com.google.android.gms.measurement.internal.zzjk -> com.google.android.gms.measurement.internal.s7:
    long zza -> a
    com.google.android.gms.measurement.internal.zziq zzb -> b
com.google.android.gms.measurement.internal.zzjl -> com.google.android.gms.measurement.internal.t7:
    android.os.Bundle zza -> a
    com.google.android.gms.measurement.internal.zziq zzb -> b
com.google.android.gms.measurement.internal.zzjm -> com.google.android.gms.measurement.internal.u7:
    android.os.Bundle zza -> a
    com.google.android.gms.measurement.internal.zziq zzb -> b
com.google.android.gms.measurement.internal.zzjn -> com.google.android.gms.measurement.internal.v7:
    com.google.android.gms.measurement.internal.zziq zzf -> j
    boolean zze -> e
    java.util.concurrent.atomic.AtomicReference zza -> a
    java.lang.String zzc -> c
    java.lang.String zzb -> b
    java.lang.String zzd -> d
com.google.android.gms.measurement.internal.zzjo -> com.google.android.gms.measurement.internal.w7:
    java.util.concurrent.atomic.AtomicReference zza -> a
    java.lang.String zzc -> c
    com.google.android.gms.measurement.internal.zziq zze -> e
    java.lang.String zzb -> b
    java.lang.String zzd -> d
com.google.android.gms.measurement.internal.zzjp -> com.google.android.gms.measurement.internal.x7:
    com.google.android.gms.measurement.internal.zziq zza -> a
    void zza(java.lang.String,java.lang.String,android.os.Bundle) -> a
com.google.android.gms.measurement.internal.zzjq -> com.google.android.gms.measurement.internal.y7:
    com.google.android.gms.internal.measurement.zzcv zza -> a
    com.google.android.gms.measurement.internal.zziq zzb -> b
com.google.android.gms.measurement.internal.zzjr -> com.google.android.gms.measurement.internal.z7:
    java.util.concurrent.atomic.AtomicReference zza -> a
    com.google.android.gms.measurement.internal.zziq zzb -> b
com.google.android.gms.measurement.internal.zzjs -> com.google.android.gms.measurement.internal.a8:
    java.util.concurrent.atomic.AtomicReference zza -> a
    com.google.android.gms.measurement.internal.zziq zzb -> b
com.google.android.gms.measurement.internal.zzjt -> com.google.android.gms.measurement.internal.b8:
    com.google.android.gms.measurement.internal.zziq zzb -> b
    java.lang.Boolean zza -> a
com.google.android.gms.measurement.internal.zzju -> com.google.android.gms.measurement.internal.c8:
    java.util.concurrent.atomic.AtomicReference zza -> a
    com.google.android.gms.measurement.internal.zziq zzb -> b