build/app/outputs/mapping/release/usage.txt
com.cruxule.voicescribeProd.BuildConfig
com.cruxule.voicescribeProd.R$attr
com.cruxule.voicescribeProd.R$color
com.cruxule.voicescribeProd.R$dimen
com.cruxule.voicescribeProd.R$drawable
com.cruxule.voicescribeProd.R$id
com.cruxule.voicescribeProd.R$integer
com.cruxule.voicescribeProd.R$layout
com.cruxule.voicescribeProd.R$mipmap
com.cruxule.voicescribeProd.R$raw
com.cruxule.voicescribeProd.R$string
com.cruxule.voicescribeProd.R$style
com.cruxule.voicescribeProd.R$styleable
com.cruxule.voicescribeProd.R$xml
com.cruxule.voicescribeProd.R
...
com.google.android.exoplayer2.drm.ExoMediaDrm$KeyStatus
com.google.android.exoplayer2.drm.ExoMediaDrm$OnExpirationUpdateListener
com.google.android.exoplayer2.drm.ExoMediaDrm$OnKeyStatusChangeListener
com.google.android.exoplayer2.drm.ExoMediaDrm:
    public static final int EVENT_KEY_EXPIRED
    public static final int EVENT_KEY_REQUIRED
    public static final int EVENT_PROVISION_REQUIRED
    public static final int KEY_TYPE_OFFLINE
    public static final int KEY_TYPE_RELEASE
    public static final int KEY_TYPE_STREAMING
    public abstract void acquire()
    public abstract android.os.PersistableBundle getMetrics()
    public abstract byte[] getPropertyByteArray(java.lang.String)
    public abstract java.lang.String getPropertyString(java.lang.String)
    public abstract void setOnExpirationUpdateListener(com.google.android.exoplayer2.drm.ExoMediaDrm$OnExpirationUpdateListener)
    public abstract void setOnKeyStatusChangeListener(com.google.android.exoplayer2.drm.ExoMediaDrm$OnKeyStatusChangeListener)
    public abstract void setPropertyByteArray(java.lang.String,byte[])
    public abstract void setPropertyString(java.lang.String,java.lang.String)
com.google.android.exoplayer2.drm.FrameworkMediaDrm$Api31:
    private void <init>()
com.google.android.exoplayer2.drm.FrameworkMediaDrm:
    private static final java.lang.String CENC_SCHEME_MIME_TYPE
    private static final java.lang.String MOCK_LA_URL
    private static final java.lang.String MOCK_LA_URL_VALUE
    private static final java.lang.String TAG
    private static final int UTF_16_BYTES_PER_CHARACTER
    public synchronized void acquire()
    public android.os.PersistableBundle getMetrics()
    public byte[] getPropertyByteArray(java.lang.String)
    public static boolean isCryptoSchemeSupported(java.util.UUID)
    private synthetic void lambda$setOnExpirationUpdateListener$3(com.google.android.exoplayer2.drm.ExoMediaDrm$OnExpirationUpdateListener,android.media.MediaDrm,byte[],long)
    private synthetic void lambda$setOnKeyStatusChangeListener$2(com.google.android.exoplayer2.drm.ExoMediaDrm$OnKeyStatusChangeListener,android.media.MediaDrm,byte[],java.util.List,boolean)
    public void setOnExpirationUpdateListener(com.google.android.exoplayer2.drm.ExoMediaDrm$OnExpirationUpdateListener)
    public void setOnKeyStatusChangeListener(com.google.android.exoplayer2.drm.ExoMediaDrm$OnKeyStatusChangeListener)
    public void setPropertyByteArray(java.lang.String,byte[])
    public void setPropertyString(java.lang.String,java.lang.String)
com.google.android.exoplayer2.drm.HttpMediaDrmCallback:
    private static final int MAX_MANUAL_REDIRECTS
    public void <init>(java.lang.String,com.google.android.exoplayer2.upstream.DataSource$Factory)
    public void clearAllKeyRequestProperties()
    public void clearKeyRequestProperty(java.lang.String)
com.google.android.exoplayer2.drm.LocalMediaDrmCallback
com.google.android.exoplayer2.drm.OfflineLicenseHelper$1
com.google.android.exoplayer2.drm.OfflineLicenseHelper
com.google.android.exoplayer2.drm.UnsupportedDrmException$Reason
com.google.android.exoplayer2.drm.UnsupportedDrmException:
    public static final int REASON_INSTANTIATION_ERROR
    public static final int REASON_UNSUPPORTED_SCHEME
com.google.android.exoplayer2.drm.WidevineUtil:
    public static final java.lang.String PROPERTY_LICENSE_DURATION_REMAINING
    public static final java.lang.String PROPERTY_PLAYBACK_DURATION_REMAINING
    private void <init>()
com.google.android.exoplayer2.drm.package-info
com.google.android.exoplayer2.extractor.BinarySearchSeeker$TimestampSearchResult:
    public static final int TYPE_NO_TIMESTAMP
    public static final int TYPE_POSITION_OVERESTIMATED
    public static final int TYPE_POSITION_UNDERESTIMATED
    public static final int TYPE_TARGET_TIMESTAMP_FOUND
com.google.android.exoplayer2.extractor.BinarySearchSeeker:
    private static final long MAX_SKIP_BYTES
com.google.android.exoplayer2.extractor.BuildConfig